<?xml version="1.0" encoding="UTF-8"?>
<!-- Generated by org.testng.reporters.JUnitReportReporter -->
<testsuite hostname="DESKTOP-HT38EU9" name="com.ajio.testCases.HomePage" tests="7" failures="1" timestamp="26 May 2020 21:49:03 GMT" time="133.927" errors="0">
  <testcase name="ajio_002" time="18.619" classname="com.ajio.testCases.HomePage"/>
  <testcase name="ajio_006" time="16.356" classname="com.ajio.testCases.HomePage"/>
  <testcase name="ajio_001" time="17.135" classname="com.ajio.testCases.HomePage">
    <failure type="java.lang.AssertionError" message="Title not matched!! expected [oOnline Shopping for Women, Men, Kids – Clothing, Footwear, Fashion | AJIO] but found [Online Shopping for Women, Men, Kids – Clothing, Footwear, Fashion | AJIO]">
      <![CDATA[java.lang.AssertionError: Title not matched!! expected [oOnline Shopping for Women, Men, Kids – Clothing, Footwear, Fashion | AJIO] but found [Online Shopping for Women, Men, Kids – Clothing, Footwear, Fashion | AJIO]
	at org.testng.Assert.fail(Assert.java:94)
	at org.testng.Assert.failNotEquals(Assert.java:513)
	at org.testng.Assert.assertEqualsImpl(Assert.java:135)
	at org.testng.Assert.assertEquals(Assert.java:116)
	at org.testng.Assert.assertEquals(Assert.java:190)
	at com.ajio.testCases.HomePage.ajio_001(HomePage.java:27)
	at sun.reflect.NativeMethodAccessorImpl.invoke0(Native Method)
	at sun.reflect.NativeMethodAccessorImpl.invoke(Unknown Source)
	at sun.reflect.DelegatingMethodAccessorImpl.invoke(Unknown Source)
	at java.lang.reflect.Method.invoke(Unknown Source)
	at org.testng.internal.MethodInvocationHelper.invokeMethod(MethodInvocationHelper.java:86)
	at org.testng.internal.Invoker.invokeMethod(Invoker.java:646)
	at org.testng.internal.Invoker.invokeTestMethod(Invoker.java:823)
	at org.testng.internal.Invoker.invokeTestMethods(Invoker.java:1131)
	at org.testng.internal.TestMethodWorker.invokeTestMethods(TestMethodWorker.java:129)
	at org.testng.internal.TestMethodWorker.run(TestMethodWorker.java:112)
	at org.testng.TestRunner.privateRun(TestRunner.java:778)
	at org.testng.TestRunner.run(TestRunner.java:632)
	at org.testng.SuiteRunner.runTest(SuiteRunner.java:366)
	at org.testng.SuiteRunner.runSequentially(SuiteRunner.java:361)
	at org.testng.SuiteRunner.privateRun(SuiteRunner.java:319)
	at org.testng.SuiteRunner.run(SuiteRunner.java:268)
	at org.testng.SuiteRunnerWorker.runSuite(SuiteRunnerWorker.java:52)
	at org.testng.SuiteRunnerWorker.run(SuiteRunnerWorker.java:86)
	at org.testng.TestNG.runSuitesSequentially(TestNG.java:1225)
	at org.testng.TestNG.runSuitesLocally(TestNG.java:1150)
	at org.testng.TestNG.runSuites(TestNG.java:1075)
	at org.testng.TestNG.run(TestNG.java:1047)
	at org.testng.remote.AbstractRemoteTestNG.run(AbstractRemoteTestNG.java:126)
	at org.testng.remote.RemoteTestNG.initAndRun(RemoteTestNG.java:137)
	at org.testng.remote.RemoteTestNG.main(RemoteTestNG.java:58)
]]>
    </failure>
  </testcase> <!-- ajio_001 -->
  <testcase name="ajio_003" time="19.769" classname="com.ajio.testCases.HomePage"/>
  <testcase name="ajio_007" time="18.062" classname="com.ajio.testCases.HomePage"/>
  <testcase name="ajio_004" time="20.559" classname="com.ajio.testCases.HomePage"/>
  <testcase name="ajio_005" time="23.427" classname="com.ajio.testCases.HomePage"/>
</testsuite> <!-- com.ajio.testCases.HomePage -->
